<?xml version="1.0" encoding="UTF-8"?>
<!-- Generated by org.testng.reporters.JUnitXMLReporter -->
<testsuite ignored="0" hostname="LPDEV01" failures="0" tests="6" name="RenewalProrationRentsUpdateTest" time="589.525" errors="0" timestamp="2024-05-02T18:16:56 IST">
  <testcase classname="mainPackage.RunnerClass" name="testMethod" time="104.53"/>
  <testcase classname="mainPackage.RunnerClass" name="testMethod" time="73.279"/>
  <testcase classname="mainPackage.RunnerClass" name="testMethod" time="68.165"/>
  <testcase classname="mainPackage.RunnerClass" name="testMethod" time="110.29"/>
  <testcase classname="mainPackage.RunnerClass" name="testMethod" time="37.668"/>
  <testcase classname="mainPackage.RunnerClass" name="testMethod" time="97.091"/>
</testsuite> <!-- RenewalProrationRentsUpdateTest -->
