<?xml version="1.0" encoding="UTF-8"?>
<!-- Generated by org.testng.reporters.JUnitXMLReporter -->
<testsuite ignored="0" hostname="LPDEV01" failures="0" tests="3" name="RenewalProrationRentsUpdateTest" time="290.609" errors="0" timestamp="2024-06-26T12:18:06 IST">
  <testcase classname="mainPackage.RunnerClass" name="testMethod" time="78.993"/>
  <testcase classname="mainPackage.RunnerClass" name="testMethod" time="86.524"/>
  <testcase classname="mainPackage.RunnerClass" name="testMethod" time="77.842"/>
</testsuite> <!-- RenewalProrationRentsUpdateTest -->
