<?xml version="1.0" encoding="UTF-8"?>
<!-- Generated by org.testng.reporters.JUnitXMLReporter -->
<testsuite ignored="0" hostname="LPDEV01" failures="0" tests="17" name="DynamicParallelTest" time="224.29" errors="0" timestamp="2024-06-21T12:01:45 IST">
  <testcase classname="mainPackage.RunnerClass" name="testMethod" time="26.174"/>
  <testcase classname="mainPackage.RunnerClass" name="testMethod" time="26.451"/>
  <testcase classname="mainPackage.RunnerClass" name="testMethod" time="26.7"/>
  <testcase classname="mainPackage.RunnerClass" name="testMethod" time="26.711"/>
  <testcase classname="mainPackage.RunnerClass" name="testMethod" time="28.391"/>
  <testcase classname="mainPackage.RunnerClass" name="testMethod" time="22.858"/>
  <testcase classname="mainPackage.RunnerClass" name="testMethod" time="25.455"/>
  <testcase classname="mainPackage.RunnerClass" name="testMethod" time="27.83"/>
  <testcase classname="mainPackage.RunnerClass" name="testMethod" time="50.268"/>
  <testcase classname="mainPackage.RunnerClass" name="testMethod" time="81.573"/>
  <testcase classname="mainPackage.RunnerClass" name="testMethod" time="83.698"/>
  <testcase classname="mainPackage.RunnerClass" name="testMethod" time="98.375"/>
  <testcase classname="mainPackage.RunnerClass" name="testMethod" time="46.858"/>
  <testcase classname="mainPackage.RunnerClass" name="testMethod" time="73.89"/>
  <testcase classname="mainPackage.RunnerClass" name="testMethod" time="120.639"/>
  <testcase classname="mainPackage.RunnerClass" name="testMethod" time="130.109"/>
  <testcase classname="mainPackage.RunnerClass" name="testMethod" time="103.671"/>
</testsuite> <!-- DynamicParallelTest -->
