<?xml version="1.0" encoding="UTF-8"?>
<!-- Generated by org.testng.reporters.JUnitXMLReporter -->
<testsuite ignored="0" hostname="LPDEV01" failures="0" tests="17" name="DynamicParallelTest" time="292.943" errors="0" timestamp="2024-06-21T12:07:55 IST">
  <testcase classname="mainPackage.RunnerClass" name="testMethod" time="25.928"/>
  <testcase classname="mainPackage.RunnerClass" name="testMethod" time="26.195"/>
  <testcase classname="mainPackage.RunnerClass" name="testMethod" time="26.388"/>
  <testcase classname="mainPackage.RunnerClass" name="testMethod" time="26.487"/>
  <testcase classname="mainPackage.RunnerClass" name="testMethod" time="27.311"/>
  <testcase classname="mainPackage.RunnerClass" name="testMethod" time="20.987"/>
  <testcase classname="mainPackage.RunnerClass" name="testMethod" time="22.346"/>
  <testcase classname="mainPackage.RunnerClass" name="testMethod" time="22.844"/>
  <testcase classname="mainPackage.RunnerClass" name="testMethod" time="22.366"/>
  <testcase classname="mainPackage.RunnerClass" name="testMethod" time="52.998"/>
  <testcase classname="mainPackage.RunnerClass" name="testMethod" time="79.228"/>
  <testcase classname="mainPackage.RunnerClass" name="testMethod" time="81.035"/>
  <testcase classname="mainPackage.RunnerClass" name="testMethod" time="83.52"/>
  <testcase classname="mainPackage.RunnerClass" name="testMethod" time="35.67"/>
  <testcase classname="mainPackage.RunnerClass" name="testMethod" time="90.183"/>
  <testcase classname="mainPackage.RunnerClass" name="testMethod" time="166.253"/>
  <testcase classname="mainPackage.RunnerClass" name="testMethod" time="172.105"/>
</testsuite> <!-- DynamicParallelTest -->
