<?xml version="1.0" encoding="UTF-8"?>
<testng-results ignored="0" total="2" passed="2" failed="0" skipped="0">
  <reporter-output>
  </reporter-output>
  <suite started-at="2024-06-25T18:48:35 IST" name="RenewalProrationRentsUpdateSuite" finished-at="2024-06-25T18:56:38 IST" duration-ms="483111">
    <groups>
    </groups>
    <test started-at="2024-06-25T18:48:35 IST" name="RenewalProrationRentsUpdateTest" finished-at="2024-06-25T18:56:38 IST" duration-ms="483111">
      <class name="mainPackage.RunnerClass">
        <test-method is-config="true" signature="setUp()[pri:0, instance:mainPackage.RunnerClass@3d285d7e]" started-at="2024-06-25T18:48:40 IST" name="setUp" finished-at="2024-06-25T18:49:27 IST" duration-ms="46681" status="PASS">
          <reporter-output>
          </reporter-output>
        </test-method> <!-- setUp -->
        <test-method signature="testMethod(java.lang.String,java.lang.String,java.lang.String,java.lang.String,java.lang.String)[pri:0, instance:mainPackage.RunnerClass@3d285d7e]" started-at="2024-06-25T18:49:27 IST" name="testMethod" data-provider="testData" finished-at="2024-06-25T18:53:20 IST" duration-ms="233079" status="PASS">
          <params>
            <param index="0">
              <value>
                <![CDATA[4]]>
              </value>
            </param>
            <param index="1">
              <value>
                <![CDATA[California PFW]]>
              </value>
            </param>
            <param index="2">
              <value>
                <![CDATA[HOLL133 - (133 Hollywood Ave)]]>
              </value>
            </param>
            <param index="3">
              <value>
                <![CDATA[Allison - Horgan]]>
              </value>
            </param>
            <param index="4">
              <value>
                <![CDATA[1549697091]]>
              </value>
            </param>
          </params>
          <reporter-output>
          </reporter-output>
        </test-method> <!-- testMethod -->
        <test-method is-config="true" signature="setUp()[pri:0, instance:mainPackage.RunnerClass@3d285d7e]" started-at="2024-06-25T18:53:20 IST" name="setUp" finished-at="2024-06-25T18:53:48 IST" duration-ms="28008" status="PASS">
          <reporter-output>
          </reporter-output>
        </test-method> <!-- setUp -->
        <test-method signature="testMethod(java.lang.String,java.lang.String,java.lang.String,java.lang.String,java.lang.String)[pri:0, instance:mainPackage.RunnerClass@3d285d7e]" started-at="2024-06-25T18:53:48 IST" name="testMethod" data-provider="testData" finished-at="2024-06-25T18:56:38 IST" duration-ms="170310" status="PASS">
          <params>
            <param index="0">
              <value>
                <![CDATA[10]]>
              </value>
            </param>
            <param index="1">
              <value>
                <![CDATA[Austin]]>
              </value>
            </param>
            <param index="2">
              <value>
                <![CDATA[LP.CROY8512 - (8512 Croydon)]]>
              </value>
            </param>
            <param index="3">
              <value>
                <![CDATA[Beaumont - Sparks]]>
              </value>
            </param>
            <param index="4">
              <value>
                <![CDATA[149389509]]>
              </value>
            </param>
          </params>
          <reporter-output>
          </reporter-output>
        </test-method> <!-- testMethod -->
        <test-method is-config="true" signature="sendMail()[pri:0, instance:mainPackage.RunnerClass@3d285d7e]" started-at="2024-06-25T18:56:38 IST" name="sendMail" finished-at="2024-06-25T18:56:48 IST" duration-ms="9815" status="PASS">
          <reporter-output>
          </reporter-output>
        </test-method> <!-- sendMail -->
      </class> <!-- mainPackage.RunnerClass -->
    </test> <!-- RenewalProrationRentsUpdateTest -->
  </suite> <!-- RenewalProrationRentsUpdateSuite -->
</testng-results>
