<?xml version="1.0" encoding="UTF-8"?>
<!-- Generated by org.testng.reporters.JUnitXMLReporter -->
<testsuite ignored="0" hostname="LPDEV01" failures="0" tests="17" name="DynamicParallelTest" time="17.028" errors="0" timestamp="2024-06-24T16:42:17 IST">
  <testcase classname="mainPackage.RunnerClass" name="testMethod" time="0.028"/>
  <testcase classname="mainPackage.RunnerClass" name="testMethod" time="0.031"/>
  <testcase classname="mainPackage.RunnerClass" name="testMethod" time="0.032"/>
  <testcase classname="mainPackage.RunnerClass" name="testMethod" time="0.032"/>
  <testcase classname="mainPackage.RunnerClass" name="testMethod" time="0.034"/>
  <testcase classname="mainPackage.RunnerClass" name="testMethod" time="0.005"/>
  <testcase classname="mainPackage.RunnerClass" name="testMethod" time="0.005"/>
  <testcase classname="mainPackage.RunnerClass" name="testMethod" time="0.007"/>
  <testcase classname="mainPackage.RunnerClass" name="testMethod" time="0.006"/>
  <testcase classname="mainPackage.RunnerClass" name="testMethod" time="0.003"/>
  <testcase classname="mainPackage.RunnerClass" name="testMethod" time="0.007"/>
  <testcase classname="mainPackage.RunnerClass" name="testMethod" time="0.004"/>
  <testcase classname="mainPackage.RunnerClass" name="testMethod" time="0.006"/>
  <testcase classname="mainPackage.RunnerClass" name="testMethod" time="0.003"/>
  <testcase classname="mainPackage.RunnerClass" name="testMethod" time="0.007"/>
  <testcase classname="mainPackage.RunnerClass" name="testMethod" time="0.006"/>
  <testcase classname="mainPackage.RunnerClass" name="testMethod" time="0.006"/>
</testsuite> <!-- DynamicParallelTest -->
